<?xml version="1.0" encoding="UTF-8"?>
<testng-results ignored="0" total="1" passed="1" failed="0" skipped="0">
  <reporter-output>
  </reporter-output>
  <suite started-at="2018-06-06T11:36:25Z" name="Default suite" finished-at="2018-06-06T11:36:44Z" duration-ms="18538">
    <groups>
    </groups>
    <test started-at="2018-06-06T11:36:25Z" name="Default test" finished-at="2018-06-06T11:36:44Z" duration-ms="18538">
      <class name="com.automationtest.E2EProject.TC003_VerifyLoginWithDifferentRecords">
        <test-method is-config="true" signature="beforeClass()[pri:0, instance:com.automationtest.E2EProject.TC003_VerifyLoginWithDifferentRecords@6a370f4]" started-at="2018-06-06T11:36:25Z" name="beforeClass" finished-at="2018-06-06T11:36:39Z" duration-ms="13779" status="PASS">
          <reporter-output>
          </reporter-output>
        </test-method> <!-- beforeClass -->
        <test-method signature="loginToApplication(java.lang.String, java.lang.String, java.lang.String)[pri:0, instance:com.automationtest.E2EProject.TC003_VerifyLoginWithDifferentRecords@6a370f4]" started-at="2018-06-06T11:36:40Z" name="loginToApplication" data-provider="loginData" finished-at="2018-06-06T11:36:44Z" duration-ms="4065" status="PASS">
          <params>
            <param index="0">
              <value>
                <![CDATA[automation@gmail.com]]>
              </value>
            </param>
            <param index="1">
              <value>
                <![CDATA[password]]>
              </value>
            </param>
            <param index="2">
              <value>
                <![CDATA[y]]>
              </value>
            </param>
          </params>
          <reporter-output>
          </reporter-output>
        </test-method> <!-- loginToApplication -->
        <test-method is-config="true" signature="afterClass()[pri:0, instance:com.automationtest.E2EProject.TC003_VerifyLoginWithDifferentRecords@6a370f4]" started-at="2018-06-06T11:36:44Z" name="afterClass" finished-at="2018-06-06T11:36:44Z" duration-ms="0" status="PASS">
          <reporter-output>
          </reporter-output>
        </test-method> <!-- afterClass -->
      </class> <!-- com.automationtest.E2EProject.TC003_VerifyLoginWithDifferentRecords -->
    </test> <!-- Default test -->
  </suite> <!-- Default suite -->
</testng-results>
